<?xml version="1.0" encoding="UTF-8"?>
<!-- Generated by org.testng.reporters.JUnitXMLReporter -->
<testsuite ignored="2" hostname="DEEPAK" failures="0" tests="1" name="Default test" time="0.055" errors="0" timestamp="2024-04-20T01:11:19 IST">
  <testcase classname="group_execution.Disableusing_enabled_keyword" name="TC3" time="0.01"/>
  <testcase classname="group_execution.Disableusing_enabled_keyword" name="TC1" time="0.0">
    <ignored/>
  </testcase> <!-- TC1 -->
  <testcase classname="group_execution.Disableusing_enabled_keyword" name="TC2" time="0.0">
    <ignored/>
  </testcase> <!-- TC2 -->
</testsuite> <!-- Default test -->
