<?xml version="1.0" encoding="UTF-8"?>
<!-- Generated by org.testng.reporters.JUnitXMLReporter -->
<testsuite ignored="1" hostname="DEEPAK" failures="0" tests="2" name="Test" time="0.062" errors="0" timestamp="2024-04-20T01:17:44 IST">
  <testcase classname="Groups.Disable_Testcaes" name="TC2" time="0.009"/>
  <testcase classname="Groups.Disable_Testcaes" name="TC3" time="0.002"/>
  <testcase classname="Groups.Disable_Testcaes" name="TC1" time="0.0">
    <ignored/>
  </testcase> <!-- TC1 -->
</testsuite> <!-- Test -->
