<?xml version="1.0" encoding="UTF-8"?>
<testng-results ignored="1" total="3" passed="2" failed="0" skipped="0">
  <reporter-output>
    <line>
      <![CDATA[TC2]]>
    </line>
    <line>
      <![CDATA[TC3]]>
    </line>
  </reporter-output>
  <suite started-at="2024-04-20T01:17:44 IST" name="Suite" finished-at="2024-04-20T01:17:44 IST" duration-ms="62">
    <groups>
    </groups>
    <test started-at="2024-04-20T01:17:44 IST" name="Test" finished-at="2024-04-20T01:17:44 IST" duration-ms="62">
      <class name="Groups.Disable_Testcaes">
        <test-method signature="TC2()[pri:0, instance:Groups.Disable_Testcaes@5e82df6a]" started-at="2024-04-20T01:17:44 IST" name="TC2" finished-at="2024-04-20T01:17:44 IST" duration-ms="9" status="PASS">
          <reporter-output>
            <line>
              <![CDATA[TC2]]>
            </line>
          </reporter-output>
        </test-method> <!-- TC2 -->
        <test-method signature="TC3()[pri:0, instance:Groups.Disable_Testcaes@5e82df6a]" started-at="2024-04-20T01:17:44 IST" name="TC3" finished-at="2024-04-20T01:17:44 IST" duration-ms="2" status="PASS">
          <reporter-output>
            <line>
              <![CDATA[TC3]]>
            </line>
          </reporter-output>
        </test-method> <!-- TC3 -->
      </class> <!-- Groups.Disable_Testcaes -->
    </test> <!-- Test -->
  </suite> <!-- Suite -->
</testng-results>
